1:02:04 AM - Demonic Scamdemic started typing in stink-chat WHILE OFFLINE
Error: read ECONNRESET
    at TCP.onStreamRead (node:internal/stream_base_commons:220:20) {
  errno: -104,
  code: 'ECONNRESET',
  syscall: 'read',
  fatal: true
}
1:48:43 AM - Ready! Logged in as Stinkbot#5672
12:44:55 PM - Demonic Scamdemic started typing in stink-chat WHILE OFFLINE
12:45:03 PM - Demonic Scamdemic started typing in stink-chat WHILE OFFLINE
12:54:22 PM - Demonic Scamdemic started typing in stink-chat WHILE OFFLINE
12:55:09 PM - Demonic Scamdemic started typing in stink-chat WHILE OFFLINE
12:55:17 PM - Demonic Scamdemic started typing in stink-chat WHILE OFFLINE
12:56:11 PM - Demonic Scamdemic started typing in stink-chat WHILE OFFLINE
2:02:41 PM - Demonic Scamdemic started typing in stink-chat WHILE OFFLINE
2:02:49 PM - Demonic Scamdemic started typing in stink-chat WHILE OFFLINE
2:04:46 PM - Demonic Scamdemic started typing in stink-chat WHILE OFFLINE
2:04:54 PM - Demonic Scamdemic started typing in stink-chat WHILE OFFLINE
2:05:02 PM - Demonic Scamdemic started typing in stink-chat WHILE OFFLINE
2:05:32 PM - Demonic Scamdemic started typing in stink-chat WHILE OFFLINE
2:06:06 PM - Demonic Scamdemic started typing in stink-chat WHILE OFFLINE
2:07:30 PM - Demonic Scamdemic started typing in stink-chat WHILE OFFLINE
2:07:38 PM - Demonic Scamdemic started typing in stink-chat WHILE OFFLINE
2:07:54 PM - Demonic Scamdemic started typing in stink-chat WHILE OFFLINE
2:08:45 PM - Demonic Scamdemic started typing in stink-chat WHILE OFFLINE
2:08:53 PM - Demonic Scamdemic started typing in stink-chat WHILE OFFLINE
2:10:27 PM - Demonic Scamdemic started typing in stink-chat WHILE OFFLINE
2:13:21 PM - Demonic Scamdemic started typing in stink-chat WHILE OFFLINE
2:14:21 PM - Demonic Scamdemic started typing in stink-chat WHILE OFFLINE
2:14:29 PM - Demonic Scamdemic started typing in stink-chat WHILE OFFLINE
2:15:03 PM - Demonic Scamdemic started typing in stink-chat WHILE OFFLINE
2:21:14 PM - Demonic Scamdemic started typing in stink-chat WHILE OFFLINE
2:23:54 PM - Demonic Scamdemic started typing in stink-chat WHILE OFFLINE
2:31:33 PM - Demonic Scamdemic started typing in stink-chat WHILE OFFLINE
2:31:41 PM - Demonic Scamdemic started typing in stink-chat WHILE OFFLINE
2:31:50 PM - Demonic Scamdemic started typing in stink-chat WHILE OFFLINE
2:39:57 PM - Message from mjelly96 was deleted
2:42:12 PM - Demonic Scamdemic started typing in stink-chat WHILE OFFLINE
5:49:24 PM - Ready! Logged in as Stinkbot#5672
5:50:50 PM - Ready! Logged in as Stinkbot#5672
6:18:14 PM - Message from SlyySkumm was deleted
7:01:54 PM - Ready! Logged in as Stinkbot#5672
7:03:31 PM - Ready! Logged in as Stinkbot#5672
